{"C:\\Users\\hmmur\\Desktop\\React\\RedditViewer\\src\\actions\\types.js": {"path":"C:\\Users\\hmmur\\Desktop\\React\\RedditViewer\\src\\actions\\types.js","statementMap":{"0":{"start":{"line":1,"column":39},"end":{"line":1,"column":64}},"1":{"start":{"line":2,"column":29},"end":{"line":2,"column":44}},"2":{"start":{"line":3,"column":31},"end":{"line":3,"column":48}},"3":{"start":{"line":4,"column":41},"end":{"line":4,"column":69}},"4":{"start":{"line":5,"column":29},"end":{"line":5,"column":44}},"5":{"start":{"line":6,"column":40},"end":{"line":6,"column":66}},"6":{"start":{"line":7,"column":26},"end":{"line":7,"column":38}},"7":{"start":{"line":8,"column":36},"end":{"line":8,"column":59}},"8":{"start":{"line":9,"column":32},"end":{"line":9,"column":50}},"9":{"start":{"line":10,"column":43},"end":{"line":10,"column":72}},"10":{"start":{"line":11,"column":24},"end":{"line":11,"column":33}},"11":{"start":{"line":12,"column":27},"end":{"line":12,"column":40}},"12":{"start":{"line":13,"column":28},"end":{"line":13,"column":42}}},"fnMap":{},"branchMap":{},"s":{"0":3,"1":3,"2":3,"3":3,"4":3,"5":3,"6":3,"7":3,"8":3,"9":3,"10":3,"11":3,"12":3},"f":{},"b":{},"_coverageSchema":"332fd63041d2c1bcb487cc26dd0d5f7d97098a6c","hash":"e571a846b4e4921ad3099438cb5106244654675c"}
,"C:\\Users\\hmmur\\Desktop\\React\\RedditViewer\\src\\reducers\\add_comment.js": {"path":"C:\\Users\\hmmur\\Desktop\\React\\RedditViewer\\src\\reducers\\add_comment.js","statementMap":{"0":{"start":{"line":4,"column":4},"end":{"line":8,"column":5}},"1":{"start":{"line":6,"column":12},"end":{"line":6,"column":39}},"2":{"start":{"line":7,"column":12},"end":{"line":7,"column":33}},"3":{"start":{"line":9,"column":4},"end":{"line":9,"column":17}}},"fnMap":{"0":{"name":"(anonymous_0)","decl":{"start":{"line":3,"column":15},"end":{"line":3,"column":16}},"loc":{"start":{"line":3,"column":40},"end":{"line":10,"column":1}},"line":3}},"branchMap":{"0":{"loc":{"start":{"line":3,"column":16},"end":{"line":3,"column":26}},"type":"default-arg","locations":[{"start":{"line":3,"column":24},"end":{"line":3,"column":26}}],"line":3},"1":{"loc":{"start":{"line":4,"column":4},"end":{"line":8,"column":5}},"type":"switch","locations":[{"start":{"line":5,"column":8},"end":{"line":7,"column":33}}],"line":4}},"s":{"0":2,"1":1,"2":1,"3":1},"f":{"0":2},"b":{"0":[2],"1":[1]},"_coverageSchema":"332fd63041d2c1bcb487cc26dd0d5f7d97098a6c","hash":"b5e6956c102bf00c47f8b6d1e0ebaff2cac7caf4"}
,"C:\\Users\\hmmur\\Desktop\\React\\RedditViewer\\src\\reducers\\fetch_post.js": {"path":"C:\\Users\\hmmur\\Desktop\\React\\RedditViewer\\src\\reducers\\fetch_post.js","statementMap":{"0":{"start":{"line":4,"column":4},"end":{"line":10,"column":5}},"1":{"start":{"line":6,"column":12},"end":{"line":6,"column":33}},"2":{"start":{"line":9,"column":12},"end":{"line":9,"column":25}}},"fnMap":{"0":{"name":"(anonymous_0)","decl":{"start":{"line":3,"column":15},"end":{"line":3,"column":16}},"loc":{"start":{"line":3,"column":39},"end":{"line":11,"column":1}},"line":3}},"branchMap":{"0":{"loc":{"start":{"line":3,"column":16},"end":{"line":3,"column":26}},"type":"default-arg","locations":[{"start":{"line":3,"column":24},"end":{"line":3,"column":26}}],"line":3},"1":{"loc":{"start":{"line":4,"column":4},"end":{"line":10,"column":5}},"type":"switch","locations":[{"start":{"line":5,"column":8},"end":{"line":6,"column":33}},{"start":{"line":8,"column":8},"end":{"line":9,"column":25}}],"line":4}},"s":{"0":2,"1":1,"2":1},"f":{"0":2},"b":{"0":[2],"1":[1,1]},"_coverageSchema":"332fd63041d2c1bcb487cc26dd0d5f7d97098a6c","hash":"24aa4d1515bdcdc7a3cf09499eadd7ff5452f6af"}
,"C:\\Users\\hmmur\\Desktop\\React\\RedditViewer\\src\\reducers\\fetch_subreddit.js": {"path":"C:\\Users\\hmmur\\Desktop\\React\\RedditViewer\\src\\reducers\\fetch_subreddit.js","statementMap":{"0":{"start":{"line":4,"column":4},"end":{"line":11,"column":5}},"1":{"start":{"line":6,"column":12},"end":{"line":6,"column":42}},"2":{"start":{"line":7,"column":12},"end":{"line":7,"column":53}},"3":{"start":{"line":10,"column":12},"end":{"line":10,"column":25}}},"fnMap":{"0":{"name":"(anonymous_0)","decl":{"start":{"line":3,"column":15},"end":{"line":3,"column":16}},"loc":{"start":{"line":3,"column":39},"end":{"line":12,"column":1}},"line":3}},"branchMap":{"0":{"loc":{"start":{"line":3,"column":16},"end":{"line":3,"column":26}},"type":"default-arg","locations":[{"start":{"line":3,"column":24},"end":{"line":3,"column":26}}],"line":3},"1":{"loc":{"start":{"line":4,"column":4},"end":{"line":11,"column":5}},"type":"switch","locations":[{"start":{"line":5,"column":8},"end":{"line":7,"column":53}},{"start":{"line":9,"column":8},"end":{"line":10,"column":25}}],"line":4}},"s":{"0":2,"1":1,"2":1,"3":1},"f":{"0":2},"b":{"0":[2],"1":[1,1]},"_coverageSchema":"332fd63041d2c1bcb487cc26dd0d5f7d97098a6c","hash":"d156607879f6cd25865909ed026103bcdd9211ef"}
}
