TN:
SF:C:\Users\hmmur\Desktop\React\RedditViewer\src\actions\types.js
FNF:0
FNH:0
DA:1,3
DA:2,3
DA:3,3
DA:4,3
DA:5,3
DA:6,3
DA:7,3
DA:8,3
DA:9,3
DA:10,3
DA:11,3
DA:12,3
DA:13,3
LF:13
LH:13
BRF:0
BRH:0
end_of_record
TN:
SF:C:\Users\hmmur\Desktop\React\RedditViewer\src\reducers\add_comment.js
FN:3,(anonymous_0)
FNF:1
FNH:1
FNDA:2,(anonymous_0)
DA:4,2
DA:6,1
DA:7,1
DA:9,1
LF:4
LH:4
BRDA:3,0,0,2
BRDA:4,1,0,1
BRF:2
BRH:2
end_of_record
TN:
SF:C:\Users\hmmur\Desktop\React\RedditViewer\src\reducers\fetch_post.js
FN:3,(anonymous_0)
FNF:1
FNH:1
FNDA:2,(anonymous_0)
DA:4,2
DA:6,1
DA:9,1
LF:3
LH:3
BRDA:3,0,0,2
BRDA:4,1,0,1
BRDA:4,1,1,1
BRF:3
BRH:3
end_of_record
TN:
SF:C:\Users\hmmur\Desktop\React\RedditViewer\src\reducers\fetch_subreddit.js
FN:3,(anonymous_0)
FNF:1
FNH:1
FNDA:2,(anonymous_0)
DA:4,2
DA:6,1
DA:7,1
DA:10,1
LF:4
LH:4
BRDA:3,0,0,2
BRDA:4,1,0,1
BRDA:4,1,1,1
BRF:3
BRH:3
end_of_record
